Build started 3/26/2016 7:20:41 PM.
     1>Project "c:\Users\Christopher\Desktop\GitHub\sfml_assignment2\SFML_Assignment2.vcxproj" on node 2 (Build target(s)).
     1>ClCompile:
         C:\Program Files (x86)\Microsoft Visual Studio 12.0\VC\bin\CL.exe /c /Ic:\Users\Christopher\Desktop\GitHub\sfml_assignment2\\Include /Zi /nologo /W3 /WX- /Od /Oy- /D WIN32 /D _DEBUG /D _CONSOLE /Gm /EHsc /RTC1 /MDd /GS /fp:precise /Zc:wchar_t /Zc:forScope /Fo"Debug\\" /Fd"Debug\vc120.pdb" /Gd /TP /analyze- /errorReport:prompt LevelTwo.cpp source\Aircraft.cpp source\Animation.cpp source\Application.cpp source\BloomEffect.cpp source\Button.cpp source\Command.cpp source\CommandQueue.cpp source\Component.cpp source\Container.cpp source\DataTables.cpp source\EmitterNode.cpp source\Entity.cpp source\GameOverState.cpp source\LevelOne.cpp source\Label.cpp source\Main.cpp source\MenuState.cpp source\ParticleNode.cpp source\PauseState.cpp source\Pickup.cpp source\Player.cpp source\PostEffect.cpp source\Projectile.cpp source\SceneNode.cpp source\SettingsState.cpp source\SpriteNode.cpp source\State.cpp source\StateStack.cpp source\TextNode.cpp source\TitleState.cpp source\Utility.cpp source\World.cpp
         World.cpp
         Utility.cpp
         TitleState.cpp
         TextNode.cpp
         StateStack.cpp
         State.cpp
         SpriteNode.cpp
         SettingsState.cpp
         SceneNode.cpp
         Projectile.cpp
         PostEffect.cpp
         Player.cpp
         Pickup.cpp
         PauseState.cpp
         ParticleNode.cpp
         MenuState.cpp
         Main.cpp
         Label.cpp
         LevelOne.cpp
         GameOverState.cpp
         Generating Code...
         Compiling...
         Entity.cpp
         EmitterNode.cpp
         DataTables.cpp
         Container.cpp
         Component.cpp
         CommandQueue.cpp
         Command.cpp
         Button.cpp
         BloomEffect.cpp
         Application.cpp
         Animation.cpp
         Aircraft.cpp
         LevelTwo.cpp
         Generating Code...
       Link:
         C:\Program Files (x86)\Microsoft Visual Studio 12.0\VC\bin\link.exe /ERRORREPORT:PROMPT /OUT:"C:\Users\Christopher\Desktop\GitHub\SFML_Assignment2\Debug\SFML_Assignment2.exe" /INCREMENTAL /NOLOGO /LIBPATH:C:\Users\Christopher\Desktop\GitHub\SFML_Assignment2\\lib "sfml-audio-d.lib" "sfml-graphics-d.lib" "sfml-main-d.lib" "sfml-network-d.lib" "sfml-system-d.lib" "sfml-window-d.lib" kernel32.lib user32.lib gdi32.lib winspool.lib comdlg32.lib advapi32.lib shell32.lib ole32.lib oleaut32.lib uuid.lib odbc32.lib odbccp32.lib /MANIFEST /MANIFESTUAC:"level='asInvoker' uiAccess='false'" /manifest:embed /DEBUG /PDB:"C:\Users\Christopher\Desktop\GitHub\SFML_Assignment2\Debug\SFML_Assignment2.pdb" /SUBSYSTEM:CONSOLE /TLBID:1 /DYNAMICBASE /NXCOMPAT /IMPLIB:"C:\Users\Christopher\Desktop\GitHub\SFML_Assignment2\Debug\SFML_Assignment2.lib" /MACHINE:X86 Debug\LevelTwo.obj
         Debug\Aircraft.obj
         Debug\Animation.obj
         Debug\Application.obj
         Debug\BloomEffect.obj
         Debug\Button.obj
         Debug\Command.obj
         Debug\CommandQueue.obj
         Debug\Component.obj
         Debug\Container.obj
         Debug\DataTables.obj
         Debug\EmitterNode.obj
         Debug\Entity.obj
         Debug\GameOverState.obj
         Debug\LevelOne.obj
         Debug\Label.obj
         Debug\Main.obj
         Debug\MenuState.obj
         Debug\ParticleNode.obj
         Debug\PauseState.obj
         Debug\Pickup.obj
         Debug\Player.obj
         Debug\PostEffect.obj
         Debug\Projectile.obj
         Debug\SceneNode.obj
         Debug\SettingsState.obj
         Debug\SpriteNode.obj
         Debug\State.obj
         Debug\StateStack.obj
         Debug\TextNode.obj
         Debug\TitleState.obj
         Debug\Utility.obj
         Debug\World.obj
         LINK : C:\Users\Christopher\Desktop\GitHub\SFML_Assignment2\Debug\SFML_Assignment2.exe not found or not built by the last incremental link; performing full link
         SFML_Assignment2.vcxproj -> C:\Users\Christopher\Desktop\GitHub\SFML_Assignment2\Debug\SFML_Assignment2.exe
     1>Done Building Project "c:\Users\Christopher\Desktop\GitHub\sfml_assignment2\SFML_Assignment2.vcxproj" (Build target(s)).

Build succeeded.

Time Elapsed 00:00:39.72
